[2025-05-17T18:51:40+02:00] HTTP request failed for https://netflix.com: Get "https://netflix.com": stream error: stream ID 1; CANCEL; received from peer
[2025-05-17T18:51:40+02:00] Body read failed for https://weather.com: http: request body too large
[2025-05-17T18:51:41+02:00] Body read failed for https://nytimes.com: http: request body too large
[2025-05-17T18:51:41+02:00] Body read failed for https://youtube.com: http: request body too large
[2025-05-17T18:51:41+02:00] Body read failed for https://cnn.com: http: request body too large
[2025-05-17T18:51:41+02:00] Body read failed for https://reddit.com: http: request body too large
[2025-05-17T18:51:44+02:00] Body read failed for https://nytimes.com: http: request body too large
[2025-05-17T18:51:44+02:00] Body read failed for https://weather.com: http: request body too large
[2025-05-17T18:51:44+02:00] HTTP request failed for https://netflix.com: Get "https://www.netflix.com/": stream error: stream ID 1; CANCEL; received from peer
[2025-05-17T18:51:44+02:00] Body read failed for https://cnn.com: http: request body too large
[2025-05-17T18:51:44+02:00] Body read failed for https://youtube.com: http: request body too large
[2025-05-17T18:51:45+02:00] Body read failed for https://reddit.com: http: request body too large
[2025-05-17T18:51:47+02:00] Body read failed for https://nytimes.com: http: request body too large
[2025-05-17T18:51:47+02:00] HTTP request failed for https://netflix.com: Get "https://netflix.com": stream error: stream ID 5; CANCEL; received from peer
[2025-05-17T18:51:47+02:00] Body read failed for https://weather.com: http: request body too large
[2025-05-17T18:51:47+02:00] Body read failed for https://cnn.com: http: request body too large
[2025-05-17T18:51:47+02:00] Body read failed for https://youtube.com: http: request body too large
[2025-05-17T18:51:48+02:00] Body read failed for https://reddit.com: http: request body too large
[2025-05-17T18:51:50+02:00] Body read failed for https://nytimes.com: http: request body too large
[2025-05-17T18:51:50+02:00] Body read failed for https://weather.com: http: request body too large
[2025-05-17T18:51:50+02:00] HTTP request failed for https://netflix.com: Get "https://www.netflix.com/": stream error: stream ID 3; CANCEL; received from peer
[2025-05-17T18:51:50+02:00] Body read failed for https://cnn.com: http: request body too large
[2025-05-17T18:51:51+02:00] Body read failed for https://youtube.com: http: request body too large
[2025-05-17T18:51:52+02:00] Body read failed for https://reddit.com: http: request body too large
[2025-05-17T18:51:53+02:00] Body read failed for https://nytimes.com: http: request body too large
[2025-05-17T18:51:53+02:00] HTTP request failed for https://netflix.com: Get "https://netflix.com": stream error: stream ID 9; CANCEL; received from peer
[2025-05-17T18:51:54+02:00] Body read failed for https://weather.com: http: request body too large
[2025-05-17T18:51:54+02:00] Body read failed for https://cnn.com: http: request body too large
[2025-05-17T18:51:54+02:00] Body read failed for https://youtube.com: http: request body too large
[2025-05-17T18:51:56+02:00] Body read failed for https://reddit.com: http: request body too large
[2025-05-17T18:51:56+02:00] Body read failed for https://nytimes.com: http: request body too large
[2025-05-17T18:51:57+02:00] Body read failed for https://weather.com: http: request body too large
[2025-05-17T18:51:57+02:00] Body read failed for https://cnn.com: http: request body too large
[2025-05-17T18:51:57+02:00] Body read failed for https://youtube.com: http: request body too large
[2025-05-17T18:51:59+02:00] Body read failed for https://nytimes.com: http: request body too large
[2025-05-17T18:52:00+02:00] HTTP request failed for https://netflix.com: Get "https://netflix.com": stream error: stream ID 13; CANCEL; received from peer
[2025-05-17T18:52:00+02:00] Body read failed for https://reddit.com: http: request body too large
[2025-05-17T18:52:00+02:00] Body read failed for https://weather.com: http: request body too large
[2025-05-17T18:52:00+02:00] Body read failed for https://cnn.com: http: request body too large
[2025-05-17T18:52:01+02:00] Body read failed for https://youtube.com: http: request body too large
[2025-05-17T18:52:03+02:00] Body read failed for https://nytimes.com: http: request body too large
[2025-05-17T18:52:03+02:00] HTTP request failed for https://netflix.com: Get "https://netflix.com": stream error: stream ID 15; CANCEL; received from peer
[2025-05-17T18:52:03+02:00] Body read failed for https://weather.com: http: request body too large
[2025-05-17T18:52:03+02:00] Body read failed for https://cnn.com: http: request body too large
[2025-05-17T18:52:04+02:00] Body read failed for https://youtube.com: http: request body too large
[2025-05-17T18:52:04+02:00] Body read failed for https://reddit.com: http: request body too large
[2025-05-17T18:52:06+02:00] Body read failed for https://nytimes.com: http: request body too large
[2025-05-17T18:52:07+02:00] Body read failed for https://weather.com: http: request body too large
[2025-05-17T18:52:07+02:00] Body read failed for https://cnn.com: http: request body too large
[2025-05-17T18:52:07+02:00] Body read failed for https://youtube.com: http: request body too large
[2025-05-17T18:52:08+02:00] Body read failed for https://reddit.com: http: request body too large
[2025-05-17T18:52:09+02:00] Body read failed for https://nytimes.com: http: request body too large
[2025-05-17T18:52:09+02:00] HTTP request failed for https://netflix.com: Get "https://netflix.com": stream error: stream ID 19; CANCEL; received from peer
[2025-05-17T18:52:10+02:00] Body read failed for https://weather.com: http: request body too large
[2025-05-17T18:52:10+02:00] Body read failed for https://cnn.com: http: request body too large
[2025-05-17T18:52:10+02:00] Body read failed for https://youtube.com: http: request body too large
[2025-05-17T18:52:11+02:00] Body read failed for https://reddit.com: http: request body too large
[2025-05-17T18:52:12+02:00] Body read failed for https://nytimes.com: http: request body too large
[2025-05-17T18:52:13+02:00] Body read failed for https://weather.com: http: request body too large
[2025-05-17T18:52:13+02:00] Body read failed for https://cnn.com: http: request body too large
[2025-05-17T18:52:14+02:00] Body read failed for https://youtube.com: http: request body too large
[2025-05-17T18:52:15+02:00] HTTP request failed for https://netflix.com: Get "https://netflix.com": stream error: stream ID 23; CANCEL; received from peer
[2025-05-17T18:52:15+02:00] Body read failed for https://nytimes.com: http: request body too large
[2025-05-17T18:52:15+02:00] Body read failed for https://reddit.com: http: request body too large
[2025-05-17T18:52:16+02:00] Body read failed for https://weather.com: http: request body too large
[2025-05-17T18:52:16+02:00] Body read failed for https://cnn.com: http: request body too large
[2025-05-17T18:52:17+02:00] Body read failed for https://youtube.com: http: request body too large
[2025-05-17T18:52:18+02:00] Body read failed for https://nytimes.com: http: request body too large
[2025-05-17T18:52:19+02:00] HTTP request failed for https://netflix.com: Get "https://www.netflix.com/": stream error: stream ID 5; CANCEL; received from peer
[2025-05-17T18:52:19+02:00] Body read failed for https://reddit.com: http: request body too large
[2025-05-17T18:52:19+02:00] Body read failed for https://weather.com: http: request body too large
[2025-05-17T18:52:20+02:00] Body read failed for https://cnn.com: http: request body too large
[2025-05-17T18:52:20+02:00] Body read failed for https://youtube.com: http: request body too large
[2025-05-17T18:52:22+02:00] Body read failed for https://nytimes.com: http: request body too large
[2025-05-17T18:52:22+02:00] HTTP request failed for https://netflix.com: Get "https://netflix.com": stream error: stream ID 27; CANCEL; received from peer
[2025-05-17T18:52:23+02:00] Body read failed for https://weather.com: http: request body too large
[2025-05-17T18:52:23+02:00] Body read failed for https://cnn.com: http: request body too large
[2025-05-17T18:52:23+02:00] Body read failed for https://reddit.com: http: request body too large
[2025-05-17T18:52:24+02:00] Body read failed for https://youtube.com: http: request body too large
[2025-05-17T18:52:25+02:00] Body read failed for https://nytimes.com: http: request body too large
[2025-05-17T18:52:26+02:00] Body read failed for https://weather.com: http: request body too large
[2025-05-17T18:52:26+02:00] Body read failed for https://cnn.com: http: request body too large
[2025-05-17T18:52:27+02:00] Body read failed for https://reddit.com: http: request body too large
[2025-05-17T18:52:27+02:00] Body read failed for https://youtube.com: http: request body too large
[2025-05-17T18:52:28+02:00] Body read failed for https://nytimes.com: http: request body too large
[2025-05-17T18:52:28+02:00] HTTP request failed for https://netflix.com: Get "https://netflix.com": stream error: stream ID 31; CANCEL; received from peer
[2025-05-17T18:52:29+02:00] Body read failed for https://cnn.com: http: request body too large
[2025-05-17T18:52:29+02:00] Body read failed for https://weather.com: http: request body too large
[2025-05-17T18:52:30+02:00] Body read failed for https://youtube.com: http: request body too large
[2025-05-17T18:52:30+02:00] Body read failed for https://reddit.com: http: request body too large
[2025-05-17T18:52:31+02:00] Body read failed for https://nytimes.com: http: request body too large
[2025-05-17T18:52:32+02:00] Body read failed for https://cnn.com: http: request body too large
[2025-05-17T18:52:32+02:00] Body read failed for https://weather.com: http: request body too large
[2025-05-17T18:52:33+02:00] Body read failed for https://youtube.com: http: request body too large
[2025-05-17T18:52:34+02:00] Body read failed for https://reddit.com: http: request body too large
[2025-05-17T18:52:34+02:00] HTTP request failed for https://netflix.com: Get "https://netflix.com": stream error: stream ID 35; CANCEL; received from peer
[2025-05-17T18:52:34+02:00] Body read failed for https://nytimes.com: http: request body too large
[2025-05-17T18:52:35+02:00] Body read failed for https://cnn.com: http: request body too large
[2025-05-17T18:52:36+02:00] Body read failed for https://weather.com: http: request body too large
[2025-05-17T18:52:37+02:00] Body read failed for https://youtube.com: http: request body too large
[2025-05-17T18:52:37+02:00] HTTP request failed for https://netflix.com: Get "https://netflix.com": stream error: stream ID 37; CANCEL; received from peer
[2025-05-17T18:52:37+02:00] Body read failed for https://nytimes.com: http: request body too large
[2025-05-17T18:52:38+02:00] Body read failed for https://reddit.com: http: request body too large
[2025-05-17T18:52:39+02:00] Body read failed for https://cnn.com: http: request body too large
[2025-05-17T18:52:39+02:00] Body read failed for https://weather.com: http: request body too large
[2025-05-17T18:52:40+02:00] Body read failed for https://youtube.com: http: request body too large
[2025-05-17T18:52:40+02:00] HTTP request failed for https://netflix.com: Get "https://netflix.com": stream error: stream ID 39; CANCEL; received from peer
[2025-05-17T18:52:40+02:00] Body read failed for https://nytimes.com: http: request body too large
[2025-05-17T18:52:42+02:00] Body read failed for https://cnn.com: http: request body too large
[2025-05-17T18:52:42+02:00] Body read failed for https://weather.com: http: request body too large
[2025-05-17T18:52:43+02:00] Body read failed for https://reddit.com: http: request body too large
[2025-05-17T18:52:43+02:00] Body read failed for https://youtube.com: http: request body too large
[2025-05-17T18:52:43+02:00] Body read failed for https://nytimes.com: http: request body too large
[2025-05-17T18:52:45+02:00] Body read failed for https://cnn.com: http: request body too large
[2025-05-17T18:52:45+02:00] Body read failed for https://weather.com: http: request body too large
[2025-05-17T18:52:46+02:00] Body read failed for https://reddit.com: http: request body too large
[2025-05-17T18:52:46+02:00] HTTP request failed for https://netflix.com: Get "https://netflix.com": stream error: stream ID 43; CANCEL; received from peer
[2025-05-17T18:52:47+02:00] Body read failed for https://nytimes.com: http: request body too large
[2025-05-17T18:52:47+02:00] Body read failed for https://youtube.com: http: request body too large
[2025-05-17T18:52:48+02:00] Body read failed for https://cnn.com: http: request body too large
[2025-05-17T18:52:48+02:00] Body read failed for https://weather.com: http: request body too large
[2025-05-17T18:52:49+02:00] HTTP request failed for https://netflix.com: Get "https://netflix.com": stream error: stream ID 45; CANCEL; received from peer
[2025-05-17T18:52:50+02:00] Body read failed for https://nytimes.com: http: request body too large
[2025-05-17T18:52:50+02:00] Body read failed for https://youtube.com: http: request body too large
[2025-05-17T18:52:51+02:00] Body read failed for https://reddit.com: http: request body too large
[2025-05-17T18:52:51+02:00] Body read failed for https://cnn.com: http: request body too large
[2025-05-17T18:52:52+02:00] Body read failed for https://weather.com: http: request body too large
[2025-05-17T18:52:53+02:00] Body read failed for https://nytimes.com: http: request body too large
[2025-05-17T18:52:53+02:00] Body read failed for https://youtube.com: http: request body too large
[2025-05-17T18:52:55+02:00] Body read failed for https://cnn.com: http: request body too large
[2025-05-17T18:52:55+02:00] Body read failed for https://weather.com: http: request body too large
[2025-05-17T18:52:55+02:00] Body read failed for https://reddit.com: http: request body too large
[2025-05-17T18:52:56+02:00] HTTP request failed for https://netflix.com: Get "https://netflix.com": stream error: stream ID 49; CANCEL; received from peer
[2025-05-17T18:52:56+02:00] Body read failed for https://nytimes.com: http: request body too large
[2025-05-17T18:52:57+02:00] Body read failed for https://youtube.com: http: request body too large
[2025-05-17T18:52:58+02:00] Body read failed for https://cnn.com: http: request body too large
[2025-05-17T18:52:58+02:00] Body read failed for https://weather.com: http: request body too large
[2025-05-17T18:52:59+02:00] HTTP request failed for https://netflix.com: Get "https://netflix.com": stream error: stream ID 51; CANCEL; received from peer
[2025-05-17T18:52:59+02:00] Body read failed for https://reddit.com: http: request body too large
[2025-05-17T18:52:59+02:00] Body read failed for https://nytimes.com: http: request body too large
[2025-05-17T18:53:00+02:00] Body read failed for https://youtube.com: http: request body too large
[2025-05-17T18:53:01+02:00] Body read failed for https://cnn.com: http: request body too large
[2025-05-17T18:53:01+02:00] Body read failed for https://weather.com: http: request body too large
[2025-05-17T18:53:02+02:00] HTTP request failed for https://netflix.com: Get "https://www.netflix.com/": stream error: stream ID 1; CANCEL; received from peer
[2025-05-17T18:53:02+02:00] Body read failed for https://nytimes.com: http: request body too large
[2025-05-17T18:53:03+02:00] Body read failed for https://youtube.com: http: request body too large
[2025-05-17T18:53:03+02:00] Body read failed for https://reddit.com: http: request body too large
[2025-05-17T18:53:04+02:00] Body read failed for https://cnn.com: http: request body too large
[2025-05-17T18:53:04+02:00] Body read failed for https://weather.com: http: request body too large
[2025-05-17T18:53:05+02:00] HTTP request failed for https://netflix.com: Get "https://netflix.com": stream error: stream ID 55; CANCEL; received from peer
[2025-05-17T18:53:05+02:00] Body read failed for https://nytimes.com: http: request body too large
[2025-05-17T18:53:06+02:00] Body read failed for https://youtube.com: http: request body too large
[2025-05-17T18:53:07+02:00] Body read failed for https://reddit.com: http: request body too large
[2025-05-17T18:53:07+02:00] Body read failed for https://cnn.com: http: request body too large
[2025-05-17T18:53:08+02:00] Body read failed for https://weather.com: http: request body too large
[2025-05-17T18:53:08+02:00] Body read failed for https://nytimes.com: http: request body too large
[2025-05-17T18:53:10+02:00] Body read failed for https://youtube.com: http: request body too large
[2025-05-17T18:53:10+02:00] Body read failed for https://cnn.com: http: request body too large
[2025-05-17T18:53:11+02:00] Body read failed for https://weather.com: http: request body too large
[2025-05-17T18:53:11+02:00] HTTP request failed for https://netflix.com: Get "https://netflix.com": stream error: stream ID 59; CANCEL; received from peer
[2025-05-17T18:53:12+02:00] Body read failed for https://reddit.com: http: request body too large
[2025-05-17T18:53:12+02:00] Body read failed for https://nytimes.com: http: request body too large
[2025-05-17T18:53:13+02:00] Body read failed for https://youtube.com: http: request body too large
[2025-05-17T18:53:14+02:00] Body read failed for https://cnn.com: http: request body too large
[2025-05-17T18:53:14+02:00] Body read failed for https://weather.com: http: request body too large
[2025-05-17T18:53:15+02:00] HTTP request failed for https://netflix.com: Get "https://netflix.com": stream error: stream ID 61; CANCEL; received from peer
[2025-05-17T18:53:15+02:00] Body read failed for https://nytimes.com: http: request body too large
[2025-05-17T18:53:15+02:00] Body read failed for https://reddit.com: http: request body too large
[2025-05-17T18:53:16+02:00] Body read failed for https://youtube.com: http: request body too large
[2025-05-17T18:53:17+02:00] Body read failed for https://cnn.com: http: request body too large
[2025-05-17T18:53:17+02:00] Body read failed for https://weather.com: http: request body too large
[2025-05-17T18:53:18+02:00] HTTP request failed for https://netflix.com: Get "https://netflix.com": stream error: stream ID 63; CANCEL; received from peer
[2025-05-17T18:53:18+02:00] Body read failed for https://nytimes.com: http: request body too large
[2025-05-17T18:53:19+02:00] Body read failed for https://reddit.com: http: request body too large
[2025-05-17T18:53:20+02:00] Body read failed for https://youtube.com: http: request body too large
[2025-05-17T18:53:20+02:00] Body read failed for https://cnn.com: http: request body too large
[2025-05-17T18:53:20+02:00] Body read failed for https://weather.com: http: request body too large
[2025-05-17T18:53:21+02:00] HTTP request failed for https://netflix.com: Get "https://netflix.com": stream error: stream ID 65; CANCEL; received from peer
[2025-05-17T18:53:21+02:00] Body read failed for https://nytimes.com: http: request body too large
[2025-05-17T18:53:23+02:00] Body read failed for https://reddit.com: http: request body too large
[2025-05-17T18:53:23+02:00] Body read failed for https://youtube.com: http: request body too large
[2025-05-17T18:53:23+02:00] Body read failed for https://cnn.com: http: request body too large
[2025-05-17T18:53:24+02:00] Body read failed for https://weather.com: http: request body too large
[2025-05-17T18:53:24+02:00] Body read failed for https://nytimes.com: http: request body too large
[2025-05-17T18:53:26+02:00] Body read failed for https://youtube.com: http: request body too large
[2025-05-17T18:53:26+02:00] Body read failed for https://cnn.com: http: request body too large
[2025-05-17T18:53:26+02:00] Body read failed for https://reddit.com: http: request body too large
[2025-05-17T18:53:27+02:00] Body read failed for https://weather.com: http: request body too large
[2025-05-17T18:53:27+02:00] Body read failed for https://nytimes.com: http: request body too large
[2025-05-17T18:53:30+02:00] Body read failed for https://cnn.com: http: request body too large
[2025-05-17T18:53:30+02:00] Body read failed for https://youtube.com: http: request body too large
[2025-05-17T18:53:30+02:00] Body read failed for https://weather.com: http: request body too large
[2025-05-17T18:53:30+02:00] HTTP request failed for https://netflix.com: Get "https://netflix.com": stream error: stream ID 71; CANCEL; received from peer
[2025-05-17T18:53:30+02:00] Body read failed for https://reddit.com: http: request body too large
[2025-05-17T18:53:30+02:00] Body read failed for https://nytimes.com: http: request body too large
[2025-05-17T18:53:33+02:00] Body read failed for https://cnn.com: http: request body too large
[2025-05-17T18:53:33+02:00] Body read failed for https://youtube.com: http: request body too large
[2025-05-17T18:53:33+02:00] Body read failed for https://weather.com: http: request body too large
[2025-05-17T18:53:34+02:00] Body read failed for https://nytimes.com: http: request body too large
[2025-05-17T18:53:34+02:00] Body read failed for https://reddit.com: http: request body too large
[2025-05-17T18:53:36+02:00] Body read failed for https://cnn.com: http: request body too large
[2025-05-17T18:53:36+02:00] Body read failed for https://youtube.com: http: request body too large
[2025-05-17T18:53:36+02:00] Body read failed for https://weather.com: http: request body too large
[2025-05-17T18:53:37+02:00] Body read failed for https://nytimes.com: http: request body too large
[2025-05-17T18:53:38+02:00] Body read failed for https://reddit.com: http: request body too large
[2025-05-17T18:53:39+02:00] Body read failed for https://cnn.com: http: request body too large
[2025-05-17T18:53:39+02:00] HTTP request failed for https://netflix.com: Get "https://netflix.com": stream error: stream ID 77; CANCEL; received from peer
[2025-05-17T18:53:40+02:00] Body read failed for https://youtube.com: http: request body too large
[2025-05-17T18:53:40+02:00] Body read failed for https://weather.com: http: request body too large
[2025-05-17T18:53:40+02:00] Body read failed for https://nytimes.com: http: request body too large
[2025-05-17T18:53:41+02:00] Body read failed for https://reddit.com: http: request body too large
[2025-05-17T18:53:42+02:00] Body read failed for https://cnn.com: http: request body too large
[2025-05-17T18:53:42+02:00] HTTP request failed for https://netflix.com: Get "https://netflix.com": stream error: stream ID 79; CANCEL; received from peer
[2025-05-17T18:53:43+02:00] Body read failed for https://weather.com: http: request body too large
[2025-05-17T18:53:43+02:00] Body read failed for https://youtube.com: http: request body too large
[2025-05-17T18:53:43+02:00] Body read failed for https://nytimes.com: http: request body too large
[2025-05-17T18:53:45+02:00] Body read failed for https://reddit.com: http: request body too large
[2025-05-17T18:53:45+02:00] Body read failed for https://cnn.com: http: request body too large
[2025-05-17T18:53:46+02:00] HTTP request failed for https://netflix.com: Get "https://netflix.com": stream error: stream ID 81; CANCEL; received from peer
[2025-05-17T18:53:46+02:00] Body read failed for https://weather.com: http: request body too large
[2025-05-17T18:53:46+02:00] Body read failed for https://nytimes.com: http: request body too large
[2025-05-17T18:53:46+02:00] Body read failed for https://youtube.com: http: request body too large
[2025-05-17T18:53:47+02:00] HTTP request failed for https://amazon.com: Get "https://www.amazon.com/": context canceled
[2025-05-17T18:53:47+02:00] HTTP request failed for https://instagram.com: Get "https://www.instagram.com/": context canceled
[2025-05-17T19:01:29+02:00] HTTP request failed for https://netflix.com: Get "https://netflix.com": stream error: stream ID 1; CANCEL; received from peer
[2025-05-17T19:01:30+02:00] Body read failed for https://nytimes.com: http: request body too large
[2025-05-17T19:01:30+02:00] Body read failed for https://weather.com: http: request body too large
[2025-05-17T19:01:30+02:00] Body read failed for https://youtube.com: http: request body too large
[2025-05-17T19:01:30+02:00] Body read failed for https://cnn.com: http: request body too large
[2025-05-17T19:01:30+02:00] Body read failed for https://reddit.com: http: request body too large
[2025-05-17T19:01:33+02:00] Body read failed for https://nytimes.com: http: request body too large
[2025-05-17T19:01:33+02:00] Body read failed for https://cnn.com: http: request body too large
[2025-05-17T19:01:33+02:00] Body read failed for https://youtube.com: http: request body too large
[2025-05-17T19:01:33+02:00] Body read failed for https://weather.com: http: request body too large
[2025-05-17T19:01:34+02:00] Body read failed for https://reddit.com: http: request body too large
[2025-05-17T19:01:36+02:00] HTTP request failed for https://netflix.com: Get "https://netflix.com": stream error: stream ID 5; CANCEL; received from peer
[2025-05-17T19:01:36+02:00] Body read failed for https://nytimes.com: http: request body too large
[2025-05-17T19:01:36+02:00] Body read failed for https://cnn.com: http: request body too large
[2025-05-17T19:01:36+02:00] Body read failed for https://weather.com: http: request body too large
[2025-05-17T19:01:36+02:00] Body read failed for https://youtube.com: http: request body too large
[2025-05-17T19:01:38+02:00] Body read failed for https://reddit.com: http: request body too large
[2025-05-17T19:01:39+02:00] HTTP request failed for https://netflix.com: Get "https://www.netflix.com/": stream error: stream ID 1; CANCEL; received from peer
[2025-05-17T19:01:39+02:00] Body read failed for https://nytimes.com: http: request body too large
[2025-05-17T19:01:39+02:00] Body read failed for https://cnn.com: http: request body too large
[2025-05-17T19:01:39+02:00] Body read failed for https://weather.com: http: request body too large
[2025-05-17T19:01:40+02:00] Body read failed for https://youtube.com: http: request body too large
[2025-05-17T19:01:42+02:00] HTTP request failed for https://netflix.com: Get "https://netflix.com": stream error: stream ID 9; CANCEL; received from peer
[2025-05-17T19:01:42+02:00] Body read failed for https://reddit.com: http: request body too large
[2025-05-17T19:01:42+02:00] Body read failed for https://nytimes.com: http: request body too large
[2025-05-17T19:01:42+02:00] Body read failed for https://cnn.com: http: request body too large
[2025-05-17T19:01:43+02:00] Body read failed for https://weather.com: http: request body too large
[2025-05-17T19:01:43+02:00] Body read failed for https://youtube.com: http: request body too large
[2025-05-17T19:01:44+02:00] Body read failed for https://instagram.com: context canceled
[2025-05-17T19:01:49+02:00] HTTP request failed for https://netflix.com: Get "https://netflix.com": stream error: stream ID 1; CANCEL; received from peer
[2025-05-17T19:01:49+02:00] Body read failed for https://weather.com: http: request body too large
[2025-05-17T19:01:49+02:00] Body read failed for https://nytimes.com: http: request body too large
[2025-05-17T19:01:50+02:00] Body read failed for https://youtube.com: http: request body too large
[2025-05-17T19:01:50+02:00] Body read failed for https://cnn.com: http: request body too large
[2025-05-17T19:01:50+02:00] Body read failed for https://reddit.com: http: request body too large
[2025-05-17T19:01:53+02:00] Body read failed for https://nytimes.com: http: request body too large
[2025-05-17T19:01:53+02:00] Body read failed for https://weather.com: http: request body too large
[2025-05-17T19:01:53+02:00] Body read failed for https://youtube.com: http: request body too large
[2025-05-17T19:01:53+02:00] Body read failed for https://cnn.com: http: request body too large
[2025-05-17T19:01:53+02:00] Body read failed for https://reddit.com: http: request body too large
[2025-05-17T19:01:56+02:00] Body read failed for https://nytimes.com: http: request body too large
[2025-05-17T19:01:56+02:00] Body read failed for https://weather.com: http: request body too large
[2025-05-17T19:01:56+02:00] Body read failed for https://youtube.com: http: request body too large
[2025-05-17T19:01:56+02:00] Body read failed for https://cnn.com: http: request body too large
[2025-05-17T19:01:57+02:00] Body read failed for https://reddit.com: http: request body too large
[2025-05-17T19:03:00+02:00] Body read failed for https://nytimes.com: http: request body too large
[2025-05-17T19:03:00+02:00] Body read failed for https://youtube.com: http: request body too large
[2025-05-17T19:03:00+02:00] Body read failed for https://weather.com: http: request body too large
[2025-05-17T19:03:00+02:00] Body read failed for https://cnn.com: http: request body too large
[2025-05-17T19:03:00+02:00] Body read failed for https://reddit.com: http: request body too large
[2025-05-17T19:03:03+02:00] Body read failed for https://nytimes.com: http: request body too large
[2025-05-17T19:03:03+02:00] Body read failed for https://weather.com: http: request body too large
[2025-05-17T19:03:03+02:00] Body read failed for https://cnn.com: http: request body too large
[2025-05-17T19:03:03+02:00] Body read failed for https://youtube.com: http: request body too large
[2025-05-17T19:03:04+02:00] Body read failed for https://reddit.com: http: request body too large
[2025-05-17T19:03:06+02:00] HTTP request failed for https://netflix.com: Get "https://netflix.com": stream error: stream ID 5; CANCEL; received from peer
[2025-05-17T19:03:06+02:00] Body read failed for https://nytimes.com: http: request body too large
[2025-05-17T19:03:06+02:00] Body read failed for https://weather.com: http: request body too large
[2025-05-17T19:03:06+02:00] Body read failed for https://cnn.com: http: request body too large
[2025-05-17T19:03:07+02:00] Body read failed for https://youtube.com: http: request body too large
[2025-05-17T19:03:08+02:00] Body read failed for https://reddit.com: http: request body too large
[2025-05-17T19:03:09+02:00] HTTP request failed for https://netflix.com: Get "https://netflix.com": stream error: stream ID 7; CANCEL; received from peer
[2025-05-17T19:03:09+02:00] Body read failed for https://nytimes.com: http: request body too large
[2025-05-17T19:03:10+02:00] Body read failed for https://weather.com: http: request body too large
[2025-05-17T19:03:10+02:00] Body read failed for https://cnn.com: http: request body too large
[2025-05-17T19:03:10+02:00] Body read failed for https://youtube.com: context canceled
[2025-05-17T19:03:10+02:00] HTTP request failed for https://facebook.com: Get "https://facebook.com": context canceled
[2025-05-17T19:03:10+02:00] HTTP request failed for https://twitter.com: Get "https://x.com/": context canceled
[2025-05-17T19:03:15+02:00] Body read failed for https://weather.com: http: request body too large
[2025-05-17T19:03:15+02:00] Body read failed for https://nytimes.com: http: request body too large
[2025-05-17T19:03:15+02:00] Body read failed for https://youtube.com: http: request body too large
[2025-05-17T19:03:16+02:00] Body read failed for https://cnn.com: http: request body too large
[2025-05-17T19:03:16+02:00] HTTP request failed for https://netflix.com: Get "https://www.netflix.com/pl-en/": stream error: stream ID 3; CANCEL; received from peer
[2025-05-17T19:03:16+02:00] Body read failed for https://reddit.com: http: request body too large
[2025-05-17T19:03:19+02:00] Body read failed for https://nytimes.com: http: request body too large
[2025-05-17T19:03:19+02:00] Body read failed for https://weather.com: http: request body too large
[2025-05-17T19:03:19+02:00] Body read failed for https://cnn.com: http: request body too large
[2025-05-17T19:03:19+02:00] HTTP request failed for https://netflix.com: Get "https://netflix.com": stream error: stream ID 3; CANCEL; received from peer
[2025-05-17T19:03:19+02:00] Body read failed for https://youtube.com: http: request body too large
[2025-05-17T19:03:20+02:00] Body read failed for https://reddit.com: http: request body too large
[2025-05-17T19:03:22+02:00] Body read failed for https://nytimes.com: http: request body too large
[2025-05-17T19:03:22+02:00] Body read failed for https://weather.com: http: request body too large
[2025-05-17T19:03:22+02:00] HTTP request failed for https://netflix.com: Get "https://netflix.com": stream error: stream ID 5; CANCEL; received from peer
[2025-05-17T19:03:22+02:00] Body read failed for https://cnn.com: http: request body too large
[2025-05-17T19:03:22+02:00] Body read failed for https://youtube.com: http: request body too large
[2025-05-17T19:03:24+02:00] Body read failed for https://reddit.com: http: request body too large
[2025-05-17T19:03:25+02:00] Body read failed for https://nytimes.com: http: request body too large
[2025-05-17T19:03:25+02:00] Body read failed for https://weather.com: http: request body too large
[2025-05-17T19:03:25+02:00] HTTP request failed for https://netflix.com: Get "https://www.netflix.com/": stream error: stream ID 5; CANCEL; received from peer
[2025-05-17T19:03:25+02:00] Body read failed for https://cnn.com: http: request body too large
[2025-05-17T19:03:25+02:00] Body read failed for https://youtube.com: http: request body too large
[2025-05-17T19:03:26+02:00] HTTP request failed for https://paypal.com: Get "https://www.paypal.com/pl/home": context canceled
[2025-05-17T19:03:26+02:00] Body read failed for https://stackoverflow.com: context canceled
